Available disk space:
Filesystem      Size  Used Avail Use% Mounted on
gpfs2_4m        782T  537T  246T  69% /mnt/gpfs2_4m
Running on: gvnode001
Date: Tue Mar 17 11:25:50 EDT 2026
Checking GPU status:
Tue Mar 17 11:25:50 2026       
+-----------------------------------------------------------------------------------------+
| NVIDIA-SMI 550.54.14              Driver Version: 550.54.14      CUDA Version: 12.4     |
|-----------------------------------------+------------------------+----------------------+
| GPU  Name                 Persistence-M | Bus-Id          Disp.A | Volatile Uncorr. ECC |
| Fan  Temp   Perf          Pwr:Usage/Cap |           Memory-Usage | GPU-Util  Compute M. |
|                                         |                        |               MIG M. |
|=========================================+========================+======================|
|   0  Tesla V100-SXM2-16GB           Off |   00000000:1A:00.0 Off |                    0 |
| N/A   35C    P0             40W /  300W |       0MiB /  16384MiB |      0%      Default |
|                                         |                        |                  N/A |
+-----------------------------------------+------------------------+----------------------+
                                                                                         
+-----------------------------------------------------------------------------------------+
| Processes:                                                                              |
|  GPU   GI   CI        PID   Type   Process name                              GPU Memory |
|        ID   ID                                                               Usage      |
|=========================================================================================|
|  No running processes found                                                             |
+-----------------------------------------------------------------------------------------+
Torch version: 2.6.0+cu124
CUDA version: 12.4
CUDA available: True
Device: Tesla V100-SXM2-16GB
GPU available, use GPU
