2026-03-17 11:26:08 INFO ==> Reading Data
  0%|          | 0/12 [00:00<?, ?it/s]  8%|▊         | 1/12 [00:00<00:04,  2.29it/s] 17%|█▋        | 2/12 [00:00<00:05,  1.99it/s] 25%|██▌       | 3/12 [00:01<00:03,  2.26it/s] 33%|███▎      | 4/12 [00:01<00:03,  2.06it/s] 42%|████▏     | 5/12 [00:02<00:03,  2.13it/s] 50%|█████     | 6/12 [00:02<00:02,  2.27it/s] 58%|█████▊    | 7/12 [00:03<00:03,  1.62it/s] 67%|██████▋   | 8/12 [00:04<00:02,  1.44it/s] 75%|███████▌  | 9/12 [00:04<00:01,  1.71it/s] 83%|████████▎ | 10/12 [00:05<00:01,  1.92it/s] 92%|█████████▏| 11/12 [00:05<00:00,  2.06it/s]100%|██████████| 12/12 [00:06<00:00,  2.24it/s]100%|██████████| 12/12 [00:06<00:00,  1.98it/s]
2026-03-17 11:26:54 INFO ==> Client Round: 0, Skip client []
2026-03-17 11:26:55 INFO ==> ---------------------------------------------------------
2026-03-17 11:26:55 INFO ==> Current Round: 0
2026-03-17 11:26:55 INFO ==> train set, Loss: 1.759, UAR: 16.64%, Acc: 25.57%
2026-03-17 11:26:55 INFO ==> dev set, Loss: 1.656, UAR: 17.19%, Acc: 27.70%
2026-03-17 11:26:56 INFO ==> test set, Loss: 1.684, UAR: 20.53%, Acc: 30.42%
2026-03-17 11:26:56 INFO ==> ---------------------------------------------------------
2026-03-17 11:26:56 INFO ==> Best epoch 0
2026-03-17 11:26:56 INFO ==> Best dev  UAR 17.19%,  Acc 27.70%
2026-03-17 11:26:56 INFO ==> Best test UAR 20.53%, Acc 30.42%
2026-03-17 11:26:56 INFO ==> ---------------------------------------------------------
2026-03-17 11:27:14 INFO ==> Client Round: 1, Skip client []
2026-03-17 11:27:14 INFO ==> ---------------------------------------------------------
2026-03-17 11:27:14 INFO ==> Current Round: 1
2026-03-17 11:27:14 INFO ==> train set, Loss: 1.697, UAR: 19.35%, Acc: 28.10%
2026-03-17 11:27:15 INFO ==> dev set, Loss: 1.639, UAR: 16.86%, Acc: 28.61%
2026-03-17 11:27:16 INFO ==> test set, Loss: 1.673, UAR: 17.00%, Acc: 28.16%
2026-03-17 11:27:16 INFO ==> ---------------------------------------------------------
2026-03-17 11:27:16 INFO ==> Best epoch 0
2026-03-17 11:27:16 INFO ==> Best dev  UAR 17.19%,  Acc 27.70%
2026-03-17 11:27:16 INFO ==> Best test UAR 20.53%, Acc 30.42%
2026-03-17 11:27:16 INFO ==> ---------------------------------------------------------
2026-03-17 11:27:34 INFO ==> Client Round: 2, Skip client []
2026-03-17 11:27:34 INFO ==> ---------------------------------------------------------
2026-03-17 11:27:34 INFO ==> Current Round: 2
2026-03-17 11:27:34 INFO ==> train set, Loss: 1.664, UAR: 20.96%, Acc: 30.83%
2026-03-17 11:27:35 INFO ==> dev set, Loss: 1.595, UAR: 20.84%, Acc: 30.94%
2026-03-17 11:27:36 INFO ==> test set, Loss: 1.628, UAR: 19.07%, Acc: 29.29%
2026-03-17 11:27:36 INFO ==> ---------------------------------------------------------
2026-03-17 11:27:36 INFO ==> Best epoch 2
2026-03-17 11:27:36 INFO ==> Best dev  UAR 20.84%,  Acc 30.94%
2026-03-17 11:27:36 INFO ==> Best test UAR 19.07%, Acc 29.29%
2026-03-17 11:27:36 INFO ==> ---------------------------------------------------------
2026-03-17 11:27:54 INFO ==> Client Round: 3, Skip client []
2026-03-17 11:27:54 INFO ==> ---------------------------------------------------------
2026-03-17 11:27:54 INFO ==> Current Round: 3
2026-03-17 11:27:54 INFO ==> train set, Loss: 1.634, UAR: 22.56%, Acc: 31.48%
2026-03-17 11:27:55 INFO ==> dev set, Loss: 1.598, UAR: 17.56%, Acc: 29.12%
2026-03-17 11:27:55 INFO ==> test set, Loss: 1.635, UAR: 17.40%, Acc: 28.57%
2026-03-17 11:27:55 INFO ==> ---------------------------------------------------------
2026-03-17 11:27:55 INFO ==> Best epoch 2
2026-03-17 11:27:55 INFO ==> Best dev  UAR 20.84%,  Acc 30.94%
2026-03-17 11:27:55 INFO ==> Best test UAR 19.07%, Acc 29.29%
2026-03-17 11:27:55 INFO ==> ---------------------------------------------------------
2026-03-17 11:28:13 INFO ==> Client Round: 4, Skip client []
2026-03-17 11:28:13 INFO ==> ---------------------------------------------------------
2026-03-17 11:28:13 INFO ==> Current Round: 4
2026-03-17 11:28:13 INFO ==> train set, Loss: 1.597, UAR: 24.68%, Acc: 32.55%
2026-03-17 11:28:14 INFO ==> dev set, Loss: 1.543, UAR: 24.92%, Acc: 32.56%
2026-03-17 11:28:15 INFO ==> test set, Loss: 1.601, UAR: 23.29%, Acc: 31.45%
2026-03-17 11:28:15 INFO ==> ---------------------------------------------------------
2026-03-17 11:28:15 INFO ==> Best epoch 4
2026-03-17 11:28:15 INFO ==> Best dev  UAR 24.92%,  Acc 32.56%
2026-03-17 11:28:15 INFO ==> Best test UAR 23.29%, Acc 31.45%
2026-03-17 11:28:15 INFO ==> ---------------------------------------------------------
2026-03-17 11:28:33 INFO ==> Client Round: 5, Skip client []
2026-03-17 11:28:33 INFO ==> ---------------------------------------------------------
2026-03-17 11:28:33 INFO ==> Current Round: 5
2026-03-17 11:28:33 INFO ==> train set, Loss: 1.595, UAR: 25.89%, Acc: 33.70%
2026-03-17 11:28:34 INFO ==> dev set, Loss: 1.512, UAR: 27.83%, Acc: 36.80%
2026-03-17 11:28:35 INFO ==> test set, Loss: 1.583, UAR: 24.28%, Acc: 34.12%
2026-03-17 11:28:35 INFO ==> ---------------------------------------------------------
2026-03-17 11:28:35 INFO ==> Best epoch 5
2026-03-17 11:28:35 INFO ==> Best dev  UAR 27.83%,  Acc 36.80%
2026-03-17 11:28:35 INFO ==> Best test UAR 24.28%, Acc 34.12%
2026-03-17 11:28:35 INFO ==> ---------------------------------------------------------
2026-03-17 11:28:52 INFO ==> Client Round: 6, Skip client []
2026-03-17 11:28:53 INFO ==> ---------------------------------------------------------
2026-03-17 11:28:53 INFO ==> Current Round: 6
2026-03-17 11:28:53 INFO ==> train set, Loss: 1.579, UAR: 26.99%, Acc: 35.36%
2026-03-17 11:28:53 INFO ==> dev set, Loss: 1.490, UAR: 30.26%, Acc: 40.44%
2026-03-17 11:28:54 INFO ==> test set, Loss: 1.559, UAR: 26.87%, Acc: 36.90%
2026-03-17 11:28:54 INFO ==> ---------------------------------------------------------
2026-03-17 11:28:54 INFO ==> Best epoch 6
2026-03-17 11:28:54 INFO ==> Best dev  UAR 30.26%,  Acc 40.44%
2026-03-17 11:28:54 INFO ==> Best test UAR 26.87%, Acc 36.90%
2026-03-17 11:28:54 INFO ==> ---------------------------------------------------------
